#
# A fatal error has been detected by the Java Runtime Environment:
#
#  EXCEPTION_ACCESS_VIOLATION (0xc0000005) at pc=0x00007ffa6196bac4, pid=6584, tid=11440
#
# JRE version: OpenJDK Runtime Environment (11.0.4+11) (build 11.0.4+11)
# Java VM: OpenJDK 64-Bit Server VM (11.0.4+11, mixed mode, tiered, compressed oops, g1 gc, windows-amd64)
# Problematic frame:
# V  [jvm.dll+0x1dbac4]
#
# No core dump will be written. Minidumps are not enabled by default on client versions of Windows
#
# If you would like to submit a bug report, please visit:
#   https://github.com/AdoptOpenJDK/openjdk-build/issues
#

---------------  S U M M A R Y ------------

Command Line: --add-modules=ALL-SYSTEM --add-opens=java.base/java.util=ALL-UNNAMED --add-opens=java.base/java.lang=ALL-UNNAMED -Declipse.application=org.eclipse.jdt.ls.core.id1 -Dosgi.bundles.defaultStartLevel=4 -Declipse.product=org.eclipse.jdt.ls.core.product -Dfile.encoding=utf8 -DwatchParentProcess=false -Xverify:none -Xmx1G -XX:+UseG1GC -XX:+UseStringDeduplication c:\Users\Public\wpilib\2020\vscode\data\extensions\redhat.java-0.55.1\server\plugins\org.eclipse.equinox.launcher_1.5.600.v20191014-2022.jar -configuration c:\Users\Public\wpilib\2020\vscode\data\extensions\redhat.java-0.55.1\server\config_win -data c:\Users\Public\wpilib\2020\vscode\data\user-data\User\workspaceStorage\cc410f444e541bfc95c505b5ec511c1e\redhat.java\jdt_ws

Host: Intel(R) Core(TM) i5-7200U CPU @ 2.50GHz, 4 cores, 7G,  Windows 10 , 64 bit Build 18362 (10.0.18362.1110)
Time: Thu Dec  3 11:11:47 2020 Central Standard Time elapsed time: 199 seconds (0d 0h 3m 19s)

---------------  T H R E A D  ---------------

Current thread (0x000001a8e773a800):  JavaThread "Sweeper thread" daemon [_thread_in_vm, id=11440, stack(0x00000063c5d00000,0x00000063c5e00000)]

Stack: [0x00000063c5d00000,0x00000063c5e00000],  sp=0x00000063c5dff030,  free space=1020k
Native frames: (J=compiled Java code, j=interpreted, Vv=VM code, C=native code)
V  [jvm.dll+0x1dbac4]
V  [jvm.dll+0x69e5ef]
V  [jvm.dll+0x69eca7]
V  [jvm.dll+0x6d480c]
V  [jvm.dll+0x6cd85c]
V  [jvm.dll+0x5d6286]
C  [ucrtbase.dll+0x210b2]
C  [KERNEL32.DLL+0x17c24]
C  [ntdll.dll+0x6d4d1]


siginfo: EXCEPTION_ACCESS_VIOLATION (0xc0000005), reading address 0x000000407f9902d1


Register to memory mapping:

RIP=0x00007ffa6196bac4 jvm.dll
RAX=0x000000407f990271 is an unknown value
RBX=0x00007ffa62195498 jvm.dll
RCX=0x000001a8d4599c90 points into unknown readable memory: 71 02 99 7f 40 00 00 00
RDX=0x000001a8d4599c80 points into unknown readable memory: 71 e2 98 7f 40 00 00 00
RSP=0x00000063c5dff030 is pointing into the stack for thread: 0x000001a8e773a800
RBP=0x00000063c5dff160 is pointing into the stack for thread: 0x000001a8e773a800
RSI=0x000001a8cac71a30 points into unknown readable memory: 01 b3 6c e7 a8 01 00 00
RDI=0x000001a8cac847a0 points into unknown readable memory: b0 b1 fa 61 fa 7f 00 00
R8 =0x000001a8d4599c90 points into unknown readable memory: 71 02 99 7f 40 00 00 00
R9 =0x000001a8d3820000 points into unknown readable memory: 0c 00 00 00 00 00 00 00
R10=0x00000000000221c8 is an unknown value
R11=0x0 is NULL
R12=0x0000000000000004 is an unknown value
R13=0x0000000000001896 is an unknown value
R14=0x0000000000000001 is an unknown value
R15=0x000001a8d4598a10 is at entry_point+-656 in (nmethod*)0x000001a8d4598a10


Registers:
RAX=0x000000407f990271, RBX=0x00007ffa62195498, RCX=0x000001a8d4599c90, RDX=0x000001a8d4599c80
RSP=0x00000063c5dff030, RBP=0x00000063c5dff160, RSI=0x000001a8cac71a30, RDI=0x000001a8cac847a0
R8 =0x000001a8d4599c90, R9 =0x000001a8d3820000, R10=0x00000000000221c8, R11=0x0000000000000000
R12=0x0000000000000004, R13=0x0000000000001896, R14=0x0000000000000001, R15=0x000001a8d4598a10
RIP=0x00007ffa6196bac4, EFLAGS=0x0000000000010206

Top of Stack: (sp=0x00000063c5dff030)
0x00000063c5dff030:   000001a8e76e5700 000001a8e773a800
0x00000063c5dff040:   000001a8d4598490 0000000000000004
0x00000063c5dff050:   0000000000000338 00007ffa61e2e5ef
0x00000063c5dff060:   0000000000000007 00000063c5dff160
0x00000063c5dff070:   000001a8cac71a30 000000007ffe3000
0x00000063c5dff080:   0002e10800000000 0000000500000000
0x00000063c5dff090:   000001a800000000 000001a8c8980000
0x00000063c5dff0a0:   0000000000016d83 0000000001833690
0x00000063c5dff0b0:   000001a8e76c7168 000001a8cac71a30
0x00000063c5dff0c0:   000001a8e6da5d30 000001a8e76e5700
0x00000063c5dff0d0:   00000000000003d8 000001a8e76e5710
0x00000063c5dff0e0:   000001a8e76e5ae8 0000000000000010
0x00000063c5dff0f0:   000001a8c89b0000 00000063c5dff1b9
0x00000063c5dff100:   0000000000000000 00007ffabb5b1e93
0x00000063c5dff110:   0000000076b0e4dc 0000007db3de4598
0x00000063c5dff120:   0000000000000000 00007ffa61d3a7f6 

Instructions: (pc=0x00007ffa6196bac4)
0x00007ffa6196b9c4:   8b cf ff 50 10 48 89 03 48 8b c8 48 85 c0 75 05
0x00007ffa6196b9d4:   40 32 ff eb b7 48 8b 00 ff 50 60 84 c0 75 4a 48
0x00007ffa6196b9e4:   8b 07 48 8b cf 48 8b 13 ff 50 18 48 89 03 48 85
0x00007ffa6196b9f4:   c0 74 21 48 8b 10 48 8b c8 ff 52 60 84 c0 75 14
0x00007ffa6196ba04:   48 8b 07 48 8b cf 48 8b 13 ff 50 18 48 89 03 48
0x00007ffa6196ba14:   85 c0 75 df 48 8b 03 48 85 c0 40 0f 95 c7 48 85
0x00007ffa6196ba24:   c0 0f 84 65 ff ff ff eb 03 40 b7 01 40 84 ff 0f
0x00007ffa6196ba34:   85 27 ff ff ff 48 8b 5c 24 30 40 0f b6 c7 48 83
0x00007ffa6196ba44:   c4 20 5f c3 cc cc cc cc cc cc cc cc 48 89 5c 24
0x00007ffa6196ba54:   08 57 48 83 ec 20 8b 41 20 48 8b d9 39 41 10 0f
0x00007ffa6196ba64:   84 8b 00 00 00 48 83 39 00 48 8b 41 08 4c 63 41
0x00007ffa6196ba74:   10 48 8b 50 18 4a 8b 3c c2 75 2b 48 8b 07 48 8b
0x00007ffa6196ba84:   cf ff 50 10 48 89 03 48 8b c8 48 85 c0 74 61 48
0x00007ffa6196ba94:   8b 00 ff 50 60 84 c0 74 0d b0 01 48 8b 5c 24 30
0x00007ffa6196baa4:   48 83 c4 20 5f c3 48 8b 07 48 8b cf 48 8b 13 ff
0x00007ffa6196bab4:   50 18 48 89 03 48 8b c8 48 85 c0 74 21 48 8b 01
0x00007ffa6196bac4:   ff 50 60 84 c0 75 17 48 8b 07 48 8b cf 48 8b 13
0x00007ffa6196bad4:   ff 50 18 48 89 03 48 8b c8 48 85 c0 75 df 48 83
0x00007ffa6196bae4:   3b 00 0f 95 c0 48 8b 5c 24 30 48 83 c4 20 5f c3
0x00007ffa6196baf4:   48 8b 5c 24 30 32 c0 48 83 c4 20 5f c3 cc cc cc
0x00007ffa6196bb04:   cc cc cc cc cc cc cc cc cc cc cc cc 48 89 5c 24
0x00007ffa6196bb14:   08 57 48 83 ec 20 8b 41 20 48 8b d9 39 41 10 0f
0x00007ffa6196bb24:   84 8b 00 00 00 48 83 39 00 48 8b 41 08 4c 63 41
0x00007ffa6196bb34:   10 48 8b 50 18 4a 8b 3c c2 75 2b 48 8b 07 48 8b
0x00007ffa6196bb44:   cf ff 50 10 48 89 03 48 8b c8 48 85 c0 74 61 48
0x00007ffa6196bb54:   8b 00 ff 50 10 84 c0 74 0d b0 01 48 8b 5c 24 30
0x00007ffa6196bb64:   48 83 c4 20 5f c3 48 8b 07 48 8b cf 48 8b 13 ff
0x00007ffa6196bb74:   50 18 48 89 03 48 8b c8 48 85 c0 74 21 48 8b 01
0x00007ffa6196bb84:   ff 50 10 84 c0 75 17 48 8b 07 48 8b cf 48 8b 13
0x00007ffa6196bb94:   ff 50 18 48 89 03 48 8b c8 48 85 c0 75 df 48 83
0x00007ffa6196bba4:   3b 00 0f 95 c0 48 8b 5c 24 30 48 83 c4 20 5f c3
0x00007ffa6196bbb4:   48 8b 5c 24 30 32 c0 48 83 c4 20 5f c3 cc cc cc 


Stack slot to memory mapping:
stack at sp + 0 slots: 0x000001a8e76e5700 points into unknown readable memory: 00 00 00 00 00 00 00 00
stack at sp + 1 slots: 0x000001a8e773a800 is a thread
stack at sp + 2 slots: 0x000001a8d4598490 is at entry_point+-464 in (nmethod*)0x000001a8d4598490
stack at sp + 3 slots: 0x0000000000000004 is an unknown value
stack at sp + 4 slots: 0x0000000000000338 is an unknown value
stack at sp + 5 slots: 0x00007ffa61e2e5ef jvm.dll
stack at sp + 6 slots: 0x0000000000000007 is an unknown value
stack at sp + 7 slots: 0x00000063c5dff160 is pointing into the stack for thread: 0x000001a8e773a800


---------------  P R O C E S S  ---------------

Threads class SMR info:
_java_thread_list=0x000001a8ecde0f30, length=23, elements={
0x000001a8cac74800, 0x000001a8e6d5d800, 0x000001a8e6da0800, 0x000001a8e76c8800,
0x000001a8e76c9800, 0x000001a8e76cd000, 0x000001a8e76d3000, 0x000001a8e773a800,
0x000001a8e7891800, 0x000001a8e78fa000, 0x000001a8e8b75800, 0x000001a8e81eb800,
0x000001a8e8c4c800, 0x000001a8e7ea6800, 0x000001a8e79d8000, 0x000001a8ec915000,
0x000001a8eb5a7000, 0x000001a8e974c000, 0x000001a8eb63e000, 0x000001a8eb63b000,
0x000001a8eb639800, 0x000001a8eb63f000, 0x000001a8f9ce2800
}

Java Threads: ( => current thread )
  0x000001a8cac74800 JavaThread "main" [_thread_blocked, id=7860, stack(0x00000063c4f00000,0x00000063c5000000)]
  0x000001a8e6d5d800 JavaThread "Reference Handler" daemon [_thread_blocked, id=3852, stack(0x00000063c5700000,0x00000063c5800000)]
  0x000001a8e6da0800 JavaThread "Finalizer" daemon [_thread_blocked, id=5848, stack(0x00000063c5800000,0x00000063c5900000)]
  0x000001a8e76c8800 JavaThread "Signal Dispatcher" daemon [_thread_blocked, id=2088, stack(0x00000063c5900000,0x00000063c5a00000)]
  0x000001a8e76c9800 JavaThread "Attach Listener" daemon [_thread_blocked, id=6452, stack(0x00000063c5a00000,0x00000063c5b00000)]
  0x000001a8e76cd000 JavaThread "C2 CompilerThread0" daemon [_thread_in_vm, id=12432, stack(0x00000063c5b00000,0x00000063c5c00000)]
  0x000001a8e76d3000 JavaThread "C1 CompilerThread0" daemon [_thread_in_vm, id=8460, stack(0x00000063c5c00000,0x00000063c5d00000)]
=>0x000001a8e773a800 JavaThread "Sweeper thread" daemon [_thread_in_vm, id=11440, stack(0x00000063c5d00000,0x00000063c5e00000)]
  0x000001a8e7891800 JavaThread "Common-Cleaner" daemon [_thread_blocked, id=6832, stack(0x00000063c5e00000,0x00000063c5f00000)]
  0x000001a8e78fa000 JavaThread "Service Thread" daemon [_thread_blocked, id=3076, stack(0x00000063c5f00000,0x00000063c6000000)]
  0x000001a8e8b75800 JavaThread "Active Thread: Equinox Container: 510a200a-0ace-4bec-bb96-b715f37f2862" [_thread_blocked, id=13092, stack(0x00000063c6400000,0x00000063c6500000)]
  0x000001a8e81eb800 JavaThread "Framework Event Dispatcher: Equinox Container: 510a200a-0ace-4bec-bb96-b715f37f2862" daemon [_thread_blocked, id=12836, stack(0x00000063c6500000,0x00000063c6600000)]
  0x000001a8e8c4c800 JavaThread "Start Level: Equinox Container: 510a200a-0ace-4bec-bb96-b715f37f2862" daemon [_thread_blocked, id=7388, stack(0x00000063c6600000,0x00000063c6700000)]
  0x000001a8e7ea6800 JavaThread "Worker-JM" [_thread_blocked, id=12800, stack(0x00000063c6700000,0x00000063c6800000)]
  0x000001a8e79d8000 JavaThread "Java indexing" daemon [_thread_blocked, id=8604, stack(0x00000063c6100000,0x00000063c6200000)]
  0x000001a8ec915000 JavaThread "pool-1-thread-1" [_thread_in_native, id=1000, stack(0x00000063c6c00000,0x00000063c6d00000)]
  0x000001a8eb5a7000 JavaThread "Worker-2" [_thread_blocked, id=9760, stack(0x00000063c6d00000,0x00000063c6e00000)]
  0x000001a8e974c000 JavaThread "Worker-3" [_thread_blocked, id=4128, stack(0x00000063c6e00000,0x00000063c6f00000)]
  0x000001a8eb63e000 JavaThread "ForkJoinPool.commonPool-worker-3" daemon [_thread_blocked, id=11632, stack(0x00000063c6f00000,0x00000063c7000000)]
  0x000001a8eb63b000 JavaThread "ForkJoinPool.commonPool-worker-5" daemon [_thread_blocked, id=6088, stack(0x00000063c7000000,0x00000063c7100000)]
  0x000001a8eb639800 JavaThread "Bundle File Closer" daemon [_thread_blocked, id=10432, stack(0x00000063c7200000,0x00000063c7300000)]
  0x000001a8eb63f000 JavaThread "Worker-4" [_thread_blocked, id=9172, stack(0x00000063c4d00000,0x00000063c4e00000)]
  0x000001a8f9ce2800 JavaThread "C2 CompilerThread1" daemon [_thread_blocked, id=9336, stack(0x00000063c4e00000,0x00000063c4f00000)]

Other Threads:
  0x000001a8e6d56000 VMThread "VM Thread" [stack: 0x00000063c5600000,0x00000063c5700000] [id=7436]
  0x000001a8e79e9000 WatcherThread [stack: 0x00000063c6000000,0x00000063c6100000] [id=6064]
  0x000001a8cac8c800 GCTaskThread "GC Thread#0" [stack: 0x00000063c5000000,0x00000063c5100000] [id=12680]
  0x000001a8e7ced000 GCTaskThread "GC Thread#1" [stack: 0x00000063c6200000,0x00000063c6300000] [id=9868]
  0x000001a8e7cef000 GCTaskThread "GC Thread#2" [stack: 0x00000063c6300000,0x00000063c6400000] [id=7736]
  0x000001a8e9393000 GCTaskThread "GC Thread#3" [stack: 0x00000063c6a00000,0x00000063c6b00000] [id=12004]
  0x000001a8cacaa000 ConcurrentGCThread "G1 Main Marker" [stack: 0x00000063c5100000,0x00000063c5200000] [id=10980]
  0x000001a8cacac000 ConcurrentGCThread "G1 Conc#0" [stack: 0x00000063c5200000,0x00000063c5300000] [id=792]
  0x000001a8cad37000 ConcurrentGCThread "G1 Refine#0" [stack: 0x00000063c5300000,0x00000063c5400000] [id=652]
  0x000001a8cad38000 ConcurrentGCThread "G1 Young RemSet Sampling" [stack: 0x00000063c5400000,0x00000063c5500000] [id=1464]
  0x000001a8cad3e000 ConcurrentGCThread "StrDedup" [stack: 0x00000063c5500000,0x00000063c5600000] [id=10848]

Threads with active compile tasks:
C2 CompilerThread08260       4       org.eclipse.jdt.internal.compiler.lookup.SignatureWrapper::computeEnd (288 bytes)
C1 CompilerThread08261       3       org.eclipse.jdt.internal.compiler.parser.Parser::parse (9 bytes)

VM state:not at safepoint (normal execution)

VM Mutex/Monitor currently owned by a thread:  ([mutex/lock_event])
[0x000001a8cac71a30] CodeCache_lock - owner thread: 0x000001a8e773a800
[0x000001a8cac732b0] Compile_lock - owner thread: 0x000001a8e76d3000
[0x000001a8cac73970] MethodCompileQueue_lock - owner thread: 0x000001a8e76d3000

Heap address: 0x00000000c0000000, size: 1024 MB, Compressed Oops mode: 32-bit
Narrow klass base: 0x0000000000000000, Narrow klass shift: 3
Compressed class space size: 1073741824 Address: 0x0000000100000000

Heap:
 garbage-first heap   total 155648K, used 106371K [0x00000000c0000000, 0x0000000100000000)
  region size 1024K, 70 young (71680K), 4 survivors (4096K)
 Metaspace       used 58432K, capacity 61250K, committed 61360K, reserved 1103872K
  class space    used 5588K, capacity 6568K, committed 6656K, reserved 1048576K
Heap Regions: E=young(eden), S=young(survivor), O=old, HS=humongous(starts), HC=humongous(continues), CS=collection set, F=free, A=archive, TAMS=top-at-mark-start (previous, next)
|   0|0x00000000c0000000, 0x00000000c0100000, 0x00000000c0100000|100%| O|  |TAMS 0x00000000c0100000, 0x00000000c0000000| Untracked 
|   1|0x00000000c0100000, 0x00000000c0200000, 0x00000000c0200000|100%| O|  |TAMS 0x00000000c0200000, 0x00000000c0100000| Untracked 
|   2|0x00000000c0200000, 0x00000000c0300000, 0x00000000c0300000|100%| O|  |TAMS 0x00000000c0300000, 0x00000000c0200000| Untracked 
|   3|0x00000000c0300000, 0x00000000c0400000, 0x00000000c0400000|100%| O|  |TAMS 0x00000000c0400000, 0x00000000c0300000| Untracked 
|   4|0x00000000c0400000, 0x00000000c0500000, 0x00000000c0500000|100%| O|  |TAMS 0x00000000c0500000, 0x00000000c0400000| Untracked 
|   5|0x00000000c0500000, 0x00000000c0600000, 0x00000000c0600000|100%| O|  |TAMS 0x00000000c0600000, 0x00000000c0500000| Untracked 
|   6|0x00000000c0600000, 0x00000000c0700000, 0x00000000c0700000|100%| O|  |TAMS 0x00000000c0700000, 0x00000000c0600000| Untracked 
|   7|0x00000000c0700000, 0x00000000c0800000, 0x00000000c0800000|100%| O|  |TAMS 0x00000000c0800000, 0x00000000c0700000| Untracked 
|   8|0x00000000c0800000, 0x00000000c0900000, 0x00000000c0900000|100%| O|  |TAMS 0x00000000c0900000, 0x00000000c0800000| Untracked 
|   9|0x00000000c0900000, 0x00000000c0a00000, 0x00000000c0a00000|100%| O|  |TAMS 0x00000000c0a00000, 0x00000000c0900000| Untracked 
|  10|0x00000000c0a00000, 0x00000000c0b00000, 0x00000000c0b00000|100%| O|  |TAMS 0x00000000c0b00000, 0x00000000c0a00000| Untracked 
|  11|0x00000000c0b00000, 0x00000000c0c00000, 0x00000000c0c00000|100%| O|  |TAMS 0x00000000c0c00000, 0x00000000c0b00000| Untracked 
|  12|0x00000000c0c00000, 0x00000000c0d00000, 0x00000000c0d00000|100%| O|  |TAMS 0x00000000c0d00000, 0x00000000c0c00000| Untracked 
|  13|0x00000000c0d00000, 0x00000000c0e00000, 0x00000000c0e00000|100%| O|  |TAMS 0x00000000c0e00000, 0x00000000c0d00000| Untracked 
|  14|0x00000000c0e00000, 0x00000000c0f00000, 0x00000000c0f00000|100%| O|  |TAMS 0x00000000c0f00000, 0x00000000c0e00000| Untracked 
|  15|0x00000000c0f00000, 0x00000000c1000000, 0x00000000c1000000|100%|HS|  |TAMS 0x00000000c1000000, 0x00000000c0f00000| Complete 
|  16|0x00000000c1000000, 0x00000000c1100000, 0x00000000c1100000|100%| O|  |TAMS 0x00000000c1100000, 0x00000000c1000000| Untracked 
|  17|0x00000000c1100000, 0x00000000c1200000, 0x00000000c1200000|100%| O|  |TAMS 0x00000000c1200000, 0x00000000c1100000| Untracked 
|  18|0x00000000c1200000, 0x00000000c1300000, 0x00000000c1300000|100%| O|  |TAMS 0x00000000c1300000, 0x00000000c1200000| Untracked 
|  19|0x00000000c1300000, 0x00000000c1400000, 0x00000000c1400000|100%| O|  |TAMS 0x00000000c1400000, 0x00000000c1300000| Untracked 
|  20|0x00000000c1400000, 0x00000000c1500000, 0x00000000c1500000|100%| O|  |TAMS 0x00000000c1500000, 0x00000000c1400000| Untracked 
|  21|0x00000000c1500000, 0x00000000c1600000, 0x00000000c1600000|100%| O|  |TAMS 0x00000000c1600000, 0x00000000c1500000| Untracked 
|  22|0x00000000c1600000, 0x00000000c1700000, 0x00000000c1700000|100%| O|  |TAMS 0x00000000c1700000, 0x00000000c1600000| Untracked 
|  23|0x00000000c1700000, 0x00000000c1800000, 0x00000000c1800000|100%| O|  |TAMS 0x00000000c1800000, 0x00000000c1700000| Untracked 
|  24|0x00000000c1800000, 0x00000000c1900000, 0x00000000c1900000|100%| O|  |TAMS 0x00000000c1900000, 0x00000000c1800000| Untracked 
|  25|0x00000000c1900000, 0x00000000c1a00000, 0x00000000c1a00000|100%| O|  |TAMS 0x00000000c1a00000, 0x00000000c1900000| Untracked 
|  26|0x00000000c1a00000, 0x00000000c1b00000, 0x00000000c1b00000|100%| O|  |TAMS 0x00000000c1b00000, 0x00000000c1a00000| Untracked 
|  27|0x00000000c1b00000, 0x00000000c1c00000, 0x00000000c1c00000|100%| O|  |TAMS 0x00000000c1c00000, 0x00000000c1b00000| Untracked 
|  28|0x00000000c1c00000, 0x00000000c1d00000, 0x00000000c1d00000|100%| O|  |TAMS 0x00000000c1d00000, 0x00000000c1c00000| Untracked 
|  29|0x00000000c1d00000, 0x00000000c1e00000, 0x00000000c1e00000|100%| O|  |TAMS 0x00000000c1e00000, 0x00000000c1d00000| Untracked 
|  30|0x00000000c1e00000, 0x00000000c1f00000, 0x00000000c1f00000|100%| O|  |TAMS 0x00000000c1f00000, 0x00000000c1e00000| Untracked 
|  31|0x00000000c1f00000, 0x00000000c2000000, 0x00000000c2000000|100%| O|  |TAMS 0x00000000c2000000, 0x00000000c1f00000| Untracked 
|  32|0x00000000c2000000, 0x00000000c2100000, 0x00000000c2100000|100%| O|  |TAMS 0x00000000c2100000, 0x00000000c2000000| Untracked 
|  33|0x00000000c2100000, 0x00000000c2200000, 0x00000000c2200000|100%| O|  |TAMS 0x00000000c2200000, 0x00000000c2100000| Untracked 
|  34|0x00000000c2200000, 0x00000000c2300000, 0x00000000c2300000|100%| O|  |TAMS 0x00000000c2300000, 0x00000000c2200000| Untracked 
|  35|0x00000000c2300000, 0x00000000c2400000, 0x00000000c2400000|100%| O|  |TAMS 0x00000000c2400000, 0x00000000c2300000| Untracked 
|  36|0x00000000c2400000, 0x00000000c248c000, 0x00000000c2500000| 54%| O|  |TAMS 0x00000000c248c000, 0x00000000c2400000| Untracked 
|  37|0x00000000c2500000, 0x00000000c2500000, 0x00000000c2600000|  0%| F|  |TAMS 0x00000000c2500000, 0x00000000c2500000| Untracked 
|  38|0x00000000c2600000, 0x00000000c2600000, 0x00000000c2700000|  0%| F|  |TAMS 0x00000000c2600000, 0x00000000c2600000| Untracked 
|  39|0x00000000c2700000, 0x00000000c2700000, 0x00000000c2800000|  0%| F|  |TAMS 0x00000000c2700000, 0x00000000c2700000| Untracked 
|  40|0x00000000c2800000, 0x00000000c2800000, 0x00000000c2900000|  0%| F|  |TAMS 0x00000000c2800000, 0x00000000c2800000| Untracked 
|  41|0x00000000c2900000, 0x00000000c2900000, 0x00000000c2a00000|  0%| F|  |TAMS 0x00000000c2900000, 0x00000000c2900000| Untracked 
|  42|0x00000000c2a00000, 0x00000000c2a00000, 0x00000000c2b00000|  0%| F|  |TAMS 0x00000000c2a00000, 0x00000000c2a00000| Untracked 
|  43|0x00000000c2b00000, 0x00000000c2b00000, 0x00000000c2c00000|  0%| F|  |TAMS 0x00000000c2b00000, 0x00000000c2b00000| Untracked 
|  44|0x00000000c2c00000, 0x00000000c2c00000, 0x00000000c2d00000|  0%| F|  |TAMS 0x00000000c2c00000, 0x00000000c2c00000| Untracked 
|  45|0x00000000c2d00000, 0x00000000c2d00000, 0x00000000c2e00000|  0%| F|  |TAMS 0x00000000c2d00000, 0x00000000c2d00000| Untracked 
|  46|0x00000000c2e00000, 0x00000000c2e00000, 0x00000000c2f00000|  0%| F|  |TAMS 0x00000000c2e00000, 0x00000000c2e00000| Untracked 
|  47|0x00000000c2f00000, 0x00000000c2f00000, 0x00000000c3000000|  0%| F|  |TAMS 0x00000000c2f00000, 0x00000000c2f00000| Untracked 
|  48|0x00000000c3000000, 0x00000000c3000000, 0x00000000c3100000|  0%| F|  |TAMS 0x00000000c3000000, 0x00000000c3000000| Untracked 
|  49|0x00000000c3100000, 0x00000000c3100000, 0x00000000c3200000|  0%| F|  |TAMS 0x00000000c3100000, 0x00000000c3100000| Untracked 
|  50|0x00000000c3200000, 0x00000000c3200000, 0x00000000c3300000|  0%| F|  |TAMS 0x00000000c3200000, 0x00000000c3200000| Untracked 
|  51|0x00000000c3300000, 0x00000000c3300000, 0x00000000c3400000|  0%| F|  |TAMS 0x00000000c3300000, 0x00000000c3300000| Untracked 
|  52|0x00000000c3400000, 0x00000000c3400000, 0x00000000c3500000|  0%| F|  |TAMS 0x00000000c3400000, 0x00000000c3400000| Untracked 
|  53|0x00000000c3500000, 0x00000000c3500000, 0x00000000c3600000|  0%| F|  |TAMS 0x00000000c3500000, 0x00000000c3500000| Untracked 
|  54|0x00000000c3600000, 0x00000000c3600000, 0x00000000c3700000|  0%| F|  |TAMS 0x00000000c3600000, 0x00000000c3600000| Untracked 
|  55|0x00000000c3700000, 0x00000000c3700000, 0x00000000c3800000|  0%| F|  |TAMS 0x00000000c3700000, 0x00000000c3700000| Untracked 
|  56|0x00000000c3800000, 0x00000000c3800000, 0x00000000c3900000|  0%| F|  |TAMS 0x00000000c3800000, 0x00000000c3800000| Untracked 
|  57|0x00000000c3900000, 0x00000000c3900000, 0x00000000c3a00000|  0%| F|  |TAMS 0x00000000c3900000, 0x00000000c3900000| Untracked 
|  58|0x00000000c3a00000, 0x00000000c3a00000, 0x00000000c3b00000|  0%| F|  |TAMS 0x00000000c3a00000, 0x00000000c3a00000| Untracked 
|  59|0x00000000c3b00000, 0x00000000c3b00000, 0x00000000c3c00000|  0%| F|  |TAMS 0x00000000c3b00000, 0x00000000c3b00000| Untracked 
|  60|0x00000000c3c00000, 0x00000000c3c00000, 0x00000000c3d00000|  0%| F|  |TAMS 0x00000000c3c00000, 0x00000000c3c00000| Untracked 
|  61|0x00000000c3d00000, 0x00000000c3d00000, 0x00000000c3e00000|  0%| F|  |TAMS 0x00000000c3d00000, 0x00000000c3d00000| Untracked 
|  62|0x00000000c3e00000, 0x00000000c3e00000, 0x00000000c3f00000|  0%| F|  |TAMS 0x00000000c3e00000, 0x00000000c3e00000| Untracked 
|  63|0x00000000c3f00000, 0x00000000c3f00000, 0x00000000c4000000|  0%| F|  |TAMS 0x00000000c3f00000, 0x00000000c3f00000| Untracked 
|  64|0x00000000c4000000, 0x00000000c4000000, 0x00000000c4100000|  0%| F|  |TAMS 0x00000000c4000000, 0x00000000c4000000| Untracked 
|  65|0x00000000c4100000, 0x00000000c4100000, 0x00000000c4200000|  0%| F|  |TAMS 0x00000000c4100000, 0x00000000c4100000| Untracked 
|  66|0x00000000c4200000, 0x00000000c4254f20, 0x00000000c4300000| 33%| S|CS|TAMS 0x00000000c4200000, 0x00000000c4200000| Complete 
|  67|0x00000000c4300000, 0x00000000c4300000, 0x00000000c4400000|  0%| F|  |TAMS 0x00000000c4300000, 0x00000000c4300000| Untracked 
|  68|0x00000000c4400000, 0x00000000c4500000, 0x00000000c4500000|100%| S|CS|TAMS 0x00000000c4400000, 0x00000000c4400000| Complete 
|  69|0x00000000c4500000, 0x00000000c4600000, 0x00000000c4600000|100%| S|CS|TAMS 0x00000000c4500000, 0x00000000c4500000| Complete 
|  70|0x00000000c4600000, 0x00000000c4700000, 0x00000000c4700000|100%| S|CS|TAMS 0x00000000c4600000, 0x00000000c4600000| Complete 
|  71|0x00000000c4700000, 0x00000000c4700000, 0x00000000c4800000|  0%| F|  |TAMS 0x00000000c4700000, 0x00000000c4700000| Untracked 
|  72|0x00000000c4800000, 0x00000000c4800000, 0x00000000c4900000|  0%| F|  |TAMS 0x00000000c4800000, 0x00000000c4800000| Untracked 
|  73|0x00000000c4900000, 0x00000000c4900000, 0x00000000c4a00000|  0%| F|  |TAMS 0x00000000c4900000, 0x00000000c4900000| Untracked 
|  74|0x00000000c4a00000, 0x00000000c4a00000, 0x00000000c4b00000|  0%| F|  |TAMS 0x00000000c4a00000, 0x00000000c4a00000| Untracked 
|  75|0x00000000c4b00000, 0x00000000c4b00000, 0x00000000c4c00000|  0%| F|  |TAMS 0x00000000c4b00000, 0x00000000c4b00000| Untracked 
|  76|0x00000000c4c00000, 0x00000000c4c00000, 0x00000000c4d00000|  0%| F|  |TAMS 0x00000000c4c00000, 0x00000000c4c00000| Untracked 
|  77|0x00000000c4d00000, 0x00000000c4d00000, 0x00000000c4e00000|  0%| F|  |TAMS 0x00000000c4d00000, 0x00000000c4d00000| Untracked 
|  78|0x00000000c4e00000, 0x00000000c4e00000, 0x00000000c4f00000|  0%| F|  |TAMS 0x00000000c4e00000, 0x00000000c4e00000| Untracked 
|  79|0x00000000c4f00000, 0x00000000c4f00000, 0x00000000c5000000|  0%| F|  |TAMS 0x00000000c4f00000, 0x00000000c4f00000| Untracked 
|  80|0x00000000c5000000, 0x00000000c5000000, 0x00000000c5100000|  0%| F|  |TAMS 0x00000000c5000000, 0x00000000c5000000| Untracked 
|  81|0x00000000c5100000, 0x00000000c5100000, 0x00000000c5200000|  0%| F|  |TAMS 0x00000000c5100000, 0x00000000c5100000| Untracked 
|  82|0x00000000c5200000, 0x00000000c5200000, 0x00000000c5300000|  0%| F|  |TAMS 0x00000000c5200000, 0x00000000c5200000| Untracked 
|  83|0x00000000c5300000, 0x00000000c5300000, 0x00000000c5400000|  0%| F|  |TAMS 0x00000000c5300000, 0x00000000c5300000| Untracked 
|  84|0x00000000c5400000, 0x00000000c5400000, 0x00000000c5500000|  0%| F|  |TAMS 0x00000000c5400000, 0x00000000c5400000| Untracked 
|  85|0x00000000c5500000, 0x00000000c5500000, 0x00000000c5600000|  0%| F|  |TAMS 0x00000000c5500000, 0x00000000c5500000| Untracked 
|  86|0x00000000c5600000, 0x00000000c5669b28, 0x00000000c5700000| 41%| E|  |TAMS 0x00000000c5600000, 0x00000000c5600000| Complete 
|  87|0x00000000c5700000, 0x00000000c5800000, 0x00000000c5800000|100%| E|CS|TAMS 0x00000000c5700000, 0x00000000c5700000| Complete 
|  88|0x00000000c5800000, 0x00000000c5900000, 0x00000000c5900000|100%| E|CS|TAMS 0x00000000c5800000, 0x00000000c5800000| Complete 
|  89|0x00000000c5900000, 0x00000000c5a00000, 0x00000000c5a00000|100%| E|CS|TAMS 0x00000000c5900000, 0x00000000c5900000| Complete 
|  90|0x00000000c5a00000, 0x00000000c5b00000, 0x00000000c5b00000|100%| E|CS|TAMS 0x00000000c5a00000, 0x00000000c5a00000| Complete 
|  91|0x00000000c5b00000, 0x00000000c5c00000, 0x00000000c5c00000|100%| E|CS|TAMS 0x00000000c5b00000, 0x00000000c5b00000| Complete 
|  92|0x00000000c5c00000, 0x00000000c5d00000, 0x00000000c5d00000|100%| E|CS|TAMS 0x00000000c5c00000, 0x00000000c5c00000| Complete 
|  93|0x00000000c5d00000, 0x00000000c5e00000, 0x00000000c5e00000|100%| E|CS|TAMS 0x00000000c5d00000, 0x00000000c5d00000| Complete 
|  94|0x00000000c5e00000, 0x00000000c5f00000, 0x00000000c5f00000|100%| E|CS|TAMS 0x00000000c5e00000, 0x00000000c5e00000| Complete 
|  95|0x00000000c5f00000, 0x00000000c6000000, 0x00000000c6000000|100%| E|CS|TAMS 0x00000000c5f00000, 0x00000000c5f00000| Complete 
|  96|0x00000000c6000000, 0x00000000c6100000, 0x00000000c6100000|100%| E|CS|TAMS 0x00000000c6000000, 0x00000000c6000000| Complete 
|  97|0x00000000c6100000, 0x00000000c6200000, 0x00000000c6200000|100%| E|CS|TAMS 0x00000000c6100000, 0x00000000c6100000| Complete 
|  98|0x00000000c6200000, 0x00000000c6300000, 0x00000000c6300000|100%| E|CS|TAMS 0x00000000c6200000, 0x00000000c6200000| Complete 
|  99|0x00000000c6300000, 0x00000000c6400000, 0x00000000c6400000|100%| E|CS|TAMS 0x00000000c6300000, 0x00000000c6300000| Complete 
| 100|0x00000000c6400000, 0x00000000c6500000, 0x00000000c6500000|100%| E|CS|TAMS 0x00000000c6400000, 0x00000000c6400000| Complete 
| 101|0x00000000c6500000, 0x00000000c6600000, 0x00000000c6600000|100%| E|CS|TAMS 0x00000000c6500000, 0x00000000c6500000| Complete 
| 102|0x00000000c6600000, 0x00000000c6700000, 0x00000000c6700000|100%| E|CS|TAMS 0x00000000c6600000, 0x00000000c6600000| Complete 
| 103|0x00000000c6700000, 0x00000000c6800000, 0x00000000c6800000|100%| E|CS|TAMS 0x00000000c6700000, 0x00000000c6700000| Complete 
| 104|0x00000000c6800000, 0x00000000c6900000, 0x00000000c6900000|100%| E|CS|TAMS 0x00000000c6800000, 0x00000000c6800000| Complete 
| 105|0x00000000c6900000, 0x00000000c6a00000, 0x00000000c6a00000|100%| E|CS|TAMS 0x00000000c6900000, 0x00000000c6900000| Complete 
| 106|0x00000000c6a00000, 0x00000000c6b00000, 0x00000000c6b00000|100%| E|CS|TAMS 0x00000000c6a00000, 0x00000000c6a00000| Complete 
| 107|0x00000000c6b00000, 0x00000000c6c00000, 0x00000000c6c00000|100%| E|CS|TAMS 0x00000000c6b00000, 0x00000000c6b00000| Complete 
| 108|0x00000000c6c00000, 0x00000000c6d00000, 0x00000000c6d00000|100%| E|CS|TAMS 0x00000000c6c00000, 0x00000000c6c00000| Complete 
| 109|0x00000000c6d00000, 0x00000000c6e00000, 0x00000000c6e00000|100%| E|CS|TAMS 0x00000000c6d00000, 0x00000000c6d00000| Complete 
| 110|0x00000000c6e00000, 0x00000000c6f00000, 0x00000000c6f00000|100%| E|CS|TAMS 0x00000000c6e00000, 0x00000000c6e00000| Complete 
| 111|0x00000000c6f00000, 0x00000000c7000000, 0x00000000c7000000|100%| E|CS|TAMS 0x00000000c6f00000, 0x00000000c6f00000| Complete 
| 112|0x00000000c7000000, 0x00000000c7100000, 0x00000000c7100000|100%| E|CS|TAMS 0x00000000c7000000, 0x00000000c7000000| Complete 
| 113|0x00000000c7100000, 0x00000000c7200000, 0x00000000c7200000|100%| E|CS|TAMS 0x00000000c7100000, 0x00000000c7100000| Complete 
| 114|0x00000000c7200000, 0x00000000c7300000, 0x00000000c7300000|100%| E|CS|TAMS 0x00000000c7200000, 0x00000000c7200000| Complete 
| 115|0x00000000c7300000, 0x00000000c7400000, 0x00000000c7400000|100%| E|CS|TAMS 0x00000000c7300000, 0x00000000c7300000| Complete 
| 116|0x00000000c7400000, 0x00000000c7500000, 0x00000000c7500000|100%| E|CS|TAMS 0x00000000c7400000, 0x00000000c7400000| Complete 
| 117|0x00000000c7500000, 0x00000000c7600000, 0x00000000c7600000|100%| E|CS|TAMS 0x00000000c7500000, 0x00000000c7500000| Complete 
| 118|0x00000000c7600000, 0x00000000c7700000, 0x00000000c7700000|100%| E|CS|TAMS 0x00000000c7600000, 0x00000000c7600000| Complete 
| 119|0x00000000c7700000, 0x00000000c7800000, 0x00000000c7800000|100%| E|CS|TAMS 0x00000000c7700000, 0x00000000c7700000| Complete 
| 120|0x00000000c7800000, 0x00000000c7900000, 0x00000000c7900000|100%| E|CS|TAMS 0x00000000c7800000, 0x00000000c7800000| Complete 
| 121|0x00000000c7900000, 0x00000000c7a00000, 0x00000000c7a00000|100%| E|CS|TAMS 0x00000000c7900000, 0x00000000c7900000| Complete 
| 122|0x00000000c7a00000, 0x00000000c7b00000, 0x00000000c7b00000|100%| E|CS|TAMS 0x00000000c7a00000, 0x00000000c7a00000| Complete 
| 123|0x00000000c7b00000, 0x00000000c7c00000, 0x00000000c7c00000|100%| E|CS|TAMS 0x00000000c7b00000, 0x00000000c7b00000| Complete 
| 124|0x00000000c7c00000, 0x00000000c7d00000, 0x00000000c7d00000|100%| E|CS|TAMS 0x00000000c7c00000, 0x00000000c7c00000| Complete 
| 125|0x00000000c7d00000, 0x00000000c7e00000, 0x00000000c7e00000|100%| E|CS|TAMS 0x00000000c7d00000, 0x00000000c7d00000| Complete 
| 126|0x00000000c7e00000, 0x00000000c7f00000, 0x00000000c7f00000|100%| E|CS|TAMS 0x00000000c7e00000, 0x00000000c7e00000| Complete 
| 127|0x00000000c7f00000, 0x00000000c8000000, 0x00000000c8000000|100%| E|CS|TAMS 0x00000000c7f00000, 0x00000000c7f00000| Complete 
| 128|0x00000000c8000000, 0x00000000c8100000, 0x00000000c8100000|100%| E|CS|TAMS 0x00000000c8000000, 0x00000000c8000000| Complete 
| 129|0x00000000c8100000, 0x00000000c8200000, 0x00000000c8200000|100%| E|CS|TAMS 0x00000000c8100000, 0x00000000c8100000| Complete 
| 130|0x00000000c8200000, 0x00000000c8300000, 0x00000000c8300000|100%| E|  |TAMS 0x00000000c8200000, 0x00000000c8200000| Complete 
| 131|0x00000000c8300000, 0x00000000c8400000, 0x00000000c8400000|100%| E|CS|TAMS 0x00000000c8300000, 0x00000000c8300000| Complete 
| 132|0x00000000c8400000, 0x00000000c8500000, 0x00000000c8500000|100%| E|CS|TAMS 0x00000000c8400000, 0x00000000c8400000| Complete 
| 133|0x00000000c8500000, 0x00000000c8600000, 0x00000000c8600000|100%| E|CS|TAMS 0x00000000c8500000, 0x00000000c8500000| Complete 
| 134|0x00000000c8600000, 0x00000000c8700000, 0x00000000c8700000|100%| E|CS|TAMS 0x00000000c8600000, 0x00000000c8600000| Complete 
| 135|0x00000000c8700000, 0x00000000c8800000, 0x00000000c8800000|100%| E|CS|TAMS 0x00000000c8700000, 0x00000000c8700000| Complete 
| 136|0x00000000c8800000, 0x00000000c8900000, 0x00000000c8900000|100%| E|CS|TAMS 0x00000000c8800000, 0x00000000c8800000| Complete 
| 137|0x00000000c8900000, 0x00000000c8a00000, 0x00000000c8a00000|100%| E|CS|TAMS 0x00000000c8900000, 0x00000000c8900000| Complete 
| 138|0x00000000c8a00000, 0x00000000c8b00000, 0x00000000c8b00000|100%| E|CS|TAMS 0x00000000c8a00000, 0x00000000c8a00000| Complete 
| 139|0x00000000c8b00000, 0x00000000c8c00000, 0x00000000c8c00000|100%| E|CS|TAMS 0x00000000c8b00000, 0x00000000c8b00000| Complete 
| 140|0x00000000c8c00000, 0x00000000c8d00000, 0x00000000c8d00000|100%| E|CS|TAMS 0x00000000c8c00000, 0x00000000c8c00000| Complete 
| 141|0x00000000c8d00000, 0x00000000c8e00000, 0x00000000c8e00000|100%| E|CS|TAMS 0x00000000c8d00000, 0x00000000c8d00000| Complete 
| 142|0x00000000c8e00000, 0x00000000c8f00000, 0x00000000c8f00000|100%| E|CS|TAMS 0x00000000c8e00000, 0x00000000c8e00000| Complete 
| 143|0x00000000c8f00000, 0x00000000c9000000, 0x00000000c9000000|100%| E|CS|TAMS 0x00000000c8f00000, 0x00000000c8f00000| Complete 
| 144|0x00000000c9000000, 0x00000000c9100000, 0x00000000c9100000|100%| E|CS|TAMS 0x00000000c9000000, 0x00000000c9000000| Complete 
| 145|0x00000000c9100000, 0x00000000c9200000, 0x00000000c9200000|100%| E|CS|TAMS 0x00000000c9100000, 0x00000000c9100000| Complete 
| 146|0x00000000c9200000, 0x00000000c9300000, 0x00000000c9300000|100%| E|CS|TAMS 0x00000000c9200000, 0x00000000c9200000| Complete 
| 147|0x00000000c9300000, 0x00000000c9400000, 0x00000000c9400000|100%| E|CS|TAMS 0x00000000c9300000, 0x00000000c9300000| Complete 
| 148|0x00000000c9400000, 0x00000000c9500000, 0x00000000c9500000|100%| E|CS|TAMS 0x00000000c9400000, 0x00000000c9400000| Complete 
| 149|0x00000000c9500000, 0x00000000c9600000, 0x00000000c9600000|100%| E|CS|TAMS 0x00000000c9500000, 0x00000000c9500000| Complete 
| 150|0x00000000c9600000, 0x00000000c9700000, 0x00000000c9700000|100%| E|CS|TAMS 0x00000000c9600000, 0x00000000c9600000| Complete 
| 151|0x00000000c9700000, 0x00000000c9800000, 0x00000000c9800000|100%| E|CS|TAMS 0x00000000c9700000, 0x00000000c9700000| Complete 

Card table byte_map: [0x000001a8e2490000,0x000001a8e2690000] _byte_map_base: 0x000001a8e1e90000

Marking Bits (Prev, Next): (CMBitMap*) 0x000001a8caca5220, (CMBitMap*) 0x000001a8caca51e8
 Prev Bits: [0x000001a8e3890000, 0x000001a8e4890000)
 Next Bits: [0x000001a8e2890000, 0x000001a8e3890000)

Polling page: 0x000001a8ca350000

Metaspace:

Usage:
  Non-class:     53.40 MB capacity,    51.61 MB ( 97%) used,     1.67 MB (  3%) free+waste,   124.38 KB ( <1%) overhead. 
      Class:      6.41 MB capacity,     5.46 MB ( 85%) used,   925.12 KB ( 14%) free+waste,    54.50 KB ( <1%) overhead. 
       Both:     59.81 MB capacity,    57.06 MB ( 95%) used,     2.58 MB (  4%) free+waste,   178.88 KB ( <1%) overhead. 

Virtual space:
  Non-class space:       54.00 MB reserved,      53.42 MB ( 99%) committed 
      Class space:        1.00 GB reserved,       6.50 MB ( <1%) committed 
             Both:        1.05 GB reserved,      59.92 MB (  6%) committed 

Chunk freelists:
   Non-Class:  22.00 KB
       Class:  0 bytes
        Both:  22.00 KB

CodeHeap 'non-profiled nmethods': size=120064Kb used=4962Kb max_used=5102Kb free=115101Kb
 bounds [0x000001a8dad50000, 0x000001a8db250000, 0x000001a8e2290000]
CodeHeap 'profiled nmethods': size=120000Kb used=17342Kb max_used=17404Kb free=102657Kb
 bounds [0x000001a8d3820000, 0x000001a8d4930000, 0x000001a8dad50000]
CodeHeap 'non-nmethods': size=5696Kb used=1261Kb max_used=1320Kb free=4434Kb
 bounds [0x000001a8d3290000, 0x000001a8d3500000, 0x000001a8d3820000]
 total_blobs=10766 nmethods=7180 adapters=555
 compilation: enabled
              stopped_count=0, restarted_count=0
 full_count=0

Compilation events (10 events):
Event: 199.132 Thread 0x000001a8e76cd000 nmethod 8253 0x000001a8db24b610 code [0x000001a8db24b7c0, 0x000001a8db24ba68]
Event: 199.132 Thread 0x000001a8e76cd000 8256       4       java.io.InputStream::read (9 bytes)
Event: 199.133 Thread 0x000001a8e76cd000 nmethod 8256 0x000001a8db24bd10 code [0x000001a8db24bea0, 0x000001a8db24bf38]
Event: 199.133 Thread 0x000001a8e76cd000 8255       4       org.eclipse.core.internal.resources.Resource::getProject (23 bytes)
Event: 199.133 Thread 0x000001a8e76d3000 nmethod 8257 0x000001a8d492d090 code [0x000001a8d492d320, 0x000001a8d492dfa0]
Event: 199.138 Thread 0x000001a8e76cd000 nmethod 8255 0x000001a8db04a810 code [0x000001a8db04a9c0, 0x000001a8db04ae58]
Event: 199.138 Thread 0x000001a8e76cd000 8259       4       org.eclipse.jdt.internal.compiler.lookup.BinaryTypeBinding::enclosingType (54 bytes)
Event: 199.139 Thread 0x000001a8e76cd000 nmethod 8259 0x000001a8db04a510 code [0x000001a8db04a6a0, 0x000001a8db04a738]
Event: 199.139 Thread 0x000001a8e76cd000 8260       4       org.eclipse.jdt.internal.compiler.lookup.SignatureWrapper::computeEnd (288 bytes)
Event: 199.143 Thread 0x000001a8e76d3000 8261       3       org.eclipse.jdt.internal.compiler.parser.Parser::parse (9 bytes)

GC Heap History (10 events):
Event: 101.001 GC heap before
{Heap before GC invocations=12 (full 0):
 garbage-first heap   total 155648K, used 111696K [0x00000000c0000000, 0x0000000100000000)
  region size 1024K, 74 young (75776K), 3 survivors (3072K)
 Metaspace       used 56955K, capacity 59805K, committed 59952K, reserved 1103872K
  class space    used 5541K, capacity 6520K, committed 6528K, reserved 1048576K
}
Event: 101.015 GC heap after
{Heap after GC invocations=13 (full 0):
 garbage-first heap   total 155648K, used 40445K [0x00000000c0000000, 0x0000000100000000)
  region size 1024K, 3 young (3072K), 3 survivors (3072K)
 Metaspace       used 56955K, capacity 59805K, committed 59952K, reserved 1103872K
  class space    used 5541K, capacity 6520K, committed 6528K, reserved 1048576K
}
Event: 104.860 GC heap before
{Heap before GC invocations=13 (full 0):
 garbage-first heap   total 155648K, used 82429K [0x00000000c0000000, 0x0000000100000000)
  region size 1024K, 46 young (47104K), 3 survivors (3072K)
 Metaspace       used 57373K, capacity 60193K, committed 60336K, reserved 1103872K
  class space    used 5562K, capacity 6560K, committed 6656K, reserved 1048576K
}
Event: 104.869 GC heap after
{Heap after GC invocations=14 (full 0):
 garbage-first heap   total 155648K, used 40496K [0x00000000c0000000, 0x0000000100000000)
  region size 1024K, 3 young (3072K), 3 survivors (3072K)
 Metaspace       used 57373K, capacity 60193K, committed 60336K, reserved 1103872K
  class space    used 5562K, capacity 6560K, committed 6656K, reserved 1048576K
}
Event: 106.922 GC heap before
{Heap before GC invocations=15 (full 0):
 garbage-first heap   total 155648K, used 118320K [0x00000000c0000000, 0x0000000100000000)
  region size 1024K, 80 young (81920K), 3 survivors (3072K)
 Metaspace       used 57843K, capacity 60702K, committed 60848K, reserved 1103872K
  class space    used 5574K, capacity 6560K, committed 6656K, reserved 1048576K
}
Event: 106.931 GC heap after
{Heap after GC invocations=16 (full 0):
 garbage-first heap   total 155648K, used 41068K [0x00000000c0000000, 0x0000000100000000)
  region size 1024K, 4 young (4096K), 4 survivors (4096K)
 Metaspace       used 57843K, capacity 60702K, committed 60848K, reserved 1103872K
  class space    used 5574K, capacity 6560K, committed 6656K, reserved 1048576K
}
Event: 108.505 GC heap before
{Heap before GC invocations=16 (full 0):
 garbage-first heap   total 155648K, used 119916K [0x00000000c0000000, 0x0000000100000000)
  region size 1024K, 81 young (82944K), 4 survivors (4096K)
 Metaspace       used 58037K, capacity 60903K, committed 61104K, reserved 1103872K
  class space    used 5575K, capacity 6562K, committed 6656K, reserved 1048576K
}
Event: 108.516 GC heap after
{Heap after GC invocations=17 (full 0):
 garbage-first heap   total 155648K, used 41147K [0x00000000c0000000, 0x0000000100000000)
  region size 1024K, 4 young (4096K), 4 survivors (4096K)
 Metaspace       used 58037K, capacity 60903K, committed 61104K, reserved 1103872K
  class space    used 5575K, capacity 6562K, committed 6656K, reserved 1048576K
}
Event: 111.399 GC heap before
{Heap before GC invocations=17 (full 0):
 garbage-first heap   total 155648K, used 121019K [0x00000000c0000000, 0x0000000100000000)
  region size 1024K, 82 young (83968K), 4 survivors (4096K)
 Metaspace       used 58203K, capacity 61052K, committed 61360K, reserved 1103872K
  class space    used 5578K, capacity 6566K, committed 6656K, reserved 1048576K
}
Event: 111.405 GC heap after
{Heap after GC invocations=18 (full 0):
 garbage-first heap   total 155648K, used 40835K [0x00000000c0000000, 0x0000000100000000)
  region size 1024K, 4 young (4096K), 4 survivors (4096K)
 Metaspace       used 58203K, capacity 61052K, committed 61360K, reserved 1103872K
  class space    used 5578K, capacity 6566K, committed 6656K, reserved 1048576K
}

Deoptimization events (10 events):
Event: 111.437 Thread 0x000001a8eb63b000 DEOPT PACKING pc=0x000001a8d412b08c sp=0x00000063c70fd890
Event: 111.437 Thread 0x000001a8eb63b000 DEOPT UNPACKING pc=0x000001a8d32b8d4e sp=0x00000063c70fcdf0 mode 0
Event: 111.510 Thread 0x000001a8eb640000 Uncommon trap: trap_request=0xffffff4d fr.pc=0x000001a8dadb3b3c relative=0x000000000000047c
Event: 111.510 Thread 0x000001a8eb640000 Uncommon trap: reason=unstable_if action=reinterpret pc=0x000001a8dadb3b3c method=org.eclipse.jdt.internal.compiler.util.HashtableOfObject.putUnsafely([CLjava/lang/Object;)V @ 70 c2
Event: 111.510 Thread 0x000001a8eb640000 DEOPT PACKING pc=0x000001a8dadb3b3c sp=0x00000063c68fda20
Event: 111.510 Thread 0x000001a8eb640000 DEOPT UNPACKING pc=0x000001a8d32b8f2f sp=0x00000063c68fd9e8 mode 2
Event: 111.514 Thread 0x000001a8eb640000 Uncommon trap: trap_request=0xffffff4d fr.pc=0x000001a8dae33dc4 relative=0x00000000000008c4
Event: 111.514 Thread 0x000001a8eb640000 Uncommon trap: reason=unstable_if action=reinterpret pc=0x000001a8dae33dc4 method=org.eclipse.jdt.internal.core.index.DiskIndex.readStreamChars(Ljava/io/InputStream;)[C @ 1 c2
Event: 111.514 Thread 0x000001a8eb640000 DEOPT PACKING pc=0x000001a8dae33dc4 sp=0x00000063c68fdbc0
Event: 111.514 Thread 0x000001a8eb640000 DEOPT UNPACKING pc=0x000001a8d32b8f2f sp=0x00000063c68fdb78 mode 2

Classes redefined (0 events):
No events

Internal exceptions (10 events):
Event: 106.843 Thread 0x000001a8eb63e000 Exception <a 'java/lang/ArrayIndexOutOfBoundsException'{0x00000000c543e7d8}: Index 1576 out of bounds for length 1576> (0x00000000c543e7d8) thrown at [c:/cygwin64/tmp/openjdk-jdk11u-windows-x64-hotspot/workspace/build/src/src/hotspot/share/interpreter/int
Event: 106.843 Thread 0x000001a8eb63e000 Exception <a 'java/lang/ArrayIndexOutOfBoundsException'{0x00000000c543eaf8}> (0x00000000c543eaf8) thrown at [c:/cygwin64/tmp/openjdk-jdk11u-windows-x64-hotspot/workspace/build/src/src/hotspot/share/runtime/sharedRuntime.cpp, line 584]
Event: 106.843 Thread 0x000001a8eb63e000 Exception <a 'java/lang/ArrayIndexOutOfBoundsException'{0x00000000c543ee18}: Index 1577 out of bounds for length 1576> (0x00000000c543ee18) thrown at [c:/cygwin64/tmp/openjdk-jdk11u-windows-x64-hotspot/workspace/build/src/src/hotspot/share/interpreter/int
Event: 108.113 Thread 0x000001a8eb63e000 Exception <a 'java/lang/ArrayIndexOutOfBoundsException'{0x00000000c91e4d98}> (0x00000000c91e4d98) thrown at [c:/cygwin64/tmp/openjdk-jdk11u-windows-x64-hotspot/workspace/build/src/src/hotspot/share/runtime/sharedRuntime.cpp, line 584]
Event: 108.113 Thread 0x000001a8eb63e000 Exception <a 'java/lang/ArrayIndexOutOfBoundsException'{0x00000000c91e50b8}> (0x00000000c91e50b8) thrown at [c:/cygwin64/tmp/openjdk-jdk11u-windows-x64-hotspot/workspace/build/src/src/hotspot/share/runtime/sharedRuntime.cpp, line 584]
Event: 108.113 Thread 0x000001a8eb63e000 Exception <a 'java/lang/ArrayIndexOutOfBoundsException'{0x00000000c91e53d8}> (0x00000000c91e53d8) thrown at [c:/cygwin64/tmp/openjdk-jdk11u-windows-x64-hotspot/workspace/build/src/src/hotspot/share/runtime/sharedRuntime.cpp, line 584]
Event: 110.849 Thread 0x000001a8eb63b000 Exception <a 'java/lang/ArrayIndexOutOfBoundsException'{0x00000000c5d12528}> (0x00000000c5d12528) thrown at [c:/cygwin64/tmp/openjdk-jdk11u-windows-x64-hotspot/workspace/build/src/src/hotspot/share/runtime/sharedRuntime.cpp, line 584]
Event: 110.849 Thread 0x000001a8eb63b000 Exception <a 'java/lang/ArrayIndexOutOfBoundsException'{0x00000000c5d12848}> (0x00000000c5d12848) thrown at [c:/cygwin64/tmp/openjdk-jdk11u-windows-x64-hotspot/workspace/build/src/src/hotspot/share/runtime/sharedRuntime.cpp, line 584]
Event: 110.849 Thread 0x000001a8eb63b000 Exception <a 'java/lang/ArrayIndexOutOfBoundsException'{0x00000000c5d12b68}> (0x00000000c5d12b68) thrown at [c:/cygwin64/tmp/openjdk-jdk11u-windows-x64-hotspot/workspace/build/src/src/hotspot/share/runtime/sharedRuntime.cpp, line 584]
Event: 111.514 Thread 0x000001a8eb640000 Implicit null exception at 0x000001a8dae33539 to 0x000001a8dae33daa

Events (10 events):
Event: 172.853 Executing VM operation: RevokeBias done
Event: 172.853 Thread 0x000001a8eb640000 Thread exited: 0x000001a8eb640000
Event: 199.134 Thread 0x000001a8e773a800 flushing nmethod 0x000001a8db032e10
Event: 199.134 Thread 0x000001a8e773a800 flushing nmethod 0x000001a8db03a510
Event: 199.134 Thread 0x000001a8e773a800 flushing nmethod 0x000001a8db06e090
Event: 199.134 Thread 0x000001a8e773a800 flushing nmethod 0x000001a8db07d810
Event: 199.138 Thread 0x000001a8f9ce2800 Thread added: 0x000001a8f9ce2800
Event: 199.141 Thread 0x000001a8e773a800 flushing nmethod 0x000001a8d4257310
Event: 199.141 Thread 0x000001a8e773a800 flushing nmethod 0x000001a8d43c2410
Event: 199.141 Thread 0x000001a8e773a800 flushing nmethod 0x000001a8d43cb190


Dynamic libraries:
0x00007ff640aa0000 - 0x00007ff640aea000 	C:\Users\Public\wpilib\2020\jdk\bin\java.exe
0x00007ffabe200000 - 0x00007ffabe3f0000 	C:\WINDOWS\SYSTEM32\ntdll.dll
0x00007ffabc5e0000 - 0x00007ffabc692000 	C:\WINDOWS\System32\KERNEL32.DLL
0x00007ffabb570000 - 0x00007ffabb815000 	C:\WINDOWS\System32\KERNELBASE.dll
0x00007ffabd190000 - 0x00007ffabd324000 	C:\WINDOWS\System32\USER32.dll
0x00007ffabb820000 - 0x00007ffabb841000 	C:\WINDOWS\System32\win32u.dll
0x00007ffabd450000 - 0x00007ffabd476000 	C:\WINDOWS\System32\GDI32.dll
0x00007ffabb220000 - 0x00007ffabb3b6000 	C:\WINDOWS\System32\gdi32full.dll
0x00007ffabb180000 - 0x00007ffabb21e000 	C:\WINDOWS\System32\msvcp_win.dll
0x00007ffabc160000 - 0x00007ffabc25a000 	C:\WINDOWS\System32\ucrtbase.dll
0x00007ffaa1830000 - 0x00007ffaa1ab4000 	C:\WINDOWS\WinSxS\amd64_microsoft.windows.common-controls_6595b64144ccf1df_6.0.18362.1198_none_9e820b57e45ad92f\COMCTL32.dll
0x00007ffabc540000 - 0x00007ffabc5de000 	C:\WINDOWS\System32\msvcrt.dll
0x00007ffabc8d0000 - 0x00007ffabcc05000 	C:\WINDOWS\System32\combase.dll
0x00007ffabd330000 - 0x00007ffabd450000 	C:\WINDOWS\System32\RPCRT4.dll
0x00007ffabb870000 - 0x00007ffabb8f0000 	C:\WINDOWS\System32\bcryptPrimitives.dll
0x00007ffabce70000 - 0x00007ffabce9e000 	C:\WINDOWS\System32\IMM32.DLL
0x00007ffaa9610000 - 0x00007ffaa9627000 	C:\Users\Public\wpilib\2020\jdk\bin\vcruntime140.dll
0x00007ffa8bf10000 - 0x00007ffa8bfa9000 	C:\Users\Public\wpilib\2020\jdk\bin\msvcp140.dll
0x00007ffa61790000 - 0x00007ffa62246000 	C:\Users\Public\wpilib\2020\jdk\bin\server\jvm.dll
0x00007ffabd0e0000 - 0x00007ffabd183000 	C:\WINDOWS\System32\ADVAPI32.dll
0x00007ffabd8f0000 - 0x00007ffabd987000 	C:\WINDOWS\System32\sechost.dll
0x00007ffabd0d0000 - 0x00007ffabd0d8000 	C:\WINDOWS\System32\PSAPI.DLL
0x00007ffaa3fb0000 - 0x00007ffaa3fb9000 	C:\WINDOWS\SYSTEM32\WSOCK32.dll
0x00007ffabcd30000 - 0x00007ffabcd9f000 	C:\WINDOWS\System32\WS2_32.dll
0x00007ffab5dc0000 - 0x00007ffab5de4000 	C:\WINDOWS\SYSTEM32\WINMM.dll
0x00007ffab1500000 - 0x00007ffab150a000 	C:\WINDOWS\SYSTEM32\VERSION.dll
0x00007ffab5d90000 - 0x00007ffab5dbd000 	C:\WINDOWS\SYSTEM32\WINMMBASE.dll
0x00007ffabc260000 - 0x00007ffabc2aa000 	C:\WINDOWS\System32\cfgmgr32.dll
0x00007ffabb0e0000 - 0x00007ffabb0f1000 	C:\WINDOWS\System32\kernel.appcore.dll
0x00007ffab0d10000 - 0x00007ffab0d20000 	C:\Users\Public\wpilib\2020\jdk\bin\verify.dll
0x00007ffab6810000 - 0x00007ffab6a04000 	C:\WINDOWS\SYSTEM32\DBGHELP.DLL
0x00007ffaaab60000 - 0x00007ffaaab8a000 	C:\WINDOWS\SYSTEM32\dbgcore.DLL
0x00007ffa9bad0000 - 0x00007ffa9baf8000 	C:\Users\Public\wpilib\2020\jdk\bin\java.dll
0x00007ffa9c9a0000 - 0x00007ffa9c9b6000 	C:\Users\Public\wpilib\2020\jdk\bin\zip.dll
0x00007ffab0c50000 - 0x00007ffab0c5a000 	C:\Users\Public\wpilib\2020\jdk\bin\jimage.dll
0x00007ffabdac0000 - 0x00007ffabe1a7000 	C:\WINDOWS\System32\SHELL32.dll
0x00007ffabcc10000 - 0x00007ffabccb9000 	C:\WINDOWS\System32\shcore.dll
0x00007ffabb9d0000 - 0x00007ffabc151000 	C:\WINDOWS\System32\windows.storage.dll
0x00007ffabb150000 - 0x00007ffabb173000 	C:\WINDOWS\System32\profapi.dll
0x00007ffabb100000 - 0x00007ffabb14a000 	C:\WINDOWS\System32\powrprof.dll
0x00007ffabb0b0000 - 0x00007ffabb0c0000 	C:\WINDOWS\System32\UMPDC.dll
0x00007ffabc4e0000 - 0x00007ffabc532000 	C:\WINDOWS\System32\shlwapi.dll
0x00007ffabb850000 - 0x00007ffabb867000 	C:\WINDOWS\System32\cryptsp.dll
0x00007ffa9b6c0000 - 0x00007ffa9b6d9000 	C:\Users\Public\wpilib\2020\jdk\bin\net.dll
0x00007ffaabdf0000 - 0x00007ffaabee0000 	C:\WINDOWS\SYSTEM32\WINHTTP.dll
0x00007ffaa7940000 - 0x00007ffaa7b16000 	C:\WINDOWS\SYSTEM32\urlmon.dll
0x00007ffaa97c0000 - 0x00007ffaa9a67000 	C:\WINDOWS\SYSTEM32\iertutil.dll
0x00007ffabaad0000 - 0x00007ffabaadc000 	C:\WINDOWS\SYSTEM32\CRYPTBASE.DLL
0x00007ffaba900000 - 0x00007ffaba967000 	C:\WINDOWS\system32\mswsock.dll
0x00007ffa9b3d0000 - 0x00007ffa9b3e2000 	C:\Users\Public\wpilib\2020\jdk\bin\nio.dll
0x00007ffaba470000 - 0x00007ffaba4a3000 	C:\WINDOWS\system32\rsaenh.dll
0x00007ffabb8f0000 - 0x00007ffabb916000 	C:\WINDOWS\System32\bcrypt.dll
0x00007ffabaf90000 - 0x00007ffabafb5000 	C:\WINDOWS\SYSTEM32\USERENV.dll
0x00007ffaba610000 - 0x00007ffaba64a000 	C:\WINDOWS\SYSTEM32\IPHLPAPI.DLL
0x00007ffabe1b0000 - 0x00007ffabe1b8000 	C:\WINDOWS\System32\NSI.dll
0x00007ffab3380000 - 0x00007ffab3396000 	C:\WINDOWS\SYSTEM32\dhcpcsvc6.DLL
0x00007ffab32e0000 - 0x00007ffab32fc000 	C:\WINDOWS\SYSTEM32\dhcpcsvc.DLL
0x00007ffaba650000 - 0x00007ffaba71b000 	C:\WINDOWS\SYSTEM32\DNSAPI.dll
0x00007ffa98ed0000 - 0x00007ffa98ef9000 	C:\Users\Public\wpilib\2020\vscode\data\extensions\redhat.java-0.55.1\server\config_win\org.eclipse.equinox.launcher\org.eclipse.equinox.launcher.win32.win32.x86_64_1.1.1100.v20190907-0426\eclipse_1902.dll
0x00007ffab0a50000 - 0x00007ffab0a61000 	C:\Users\Public\wpilib\2020\vscode\data\extensions\redhat.java-0.55.1\server\config_win\org.eclipse.osgi\20\0\.cp\jWinHttp-1.0.0.dll
0x00007ffabc380000 - 0x00007ffabc4d7000 	C:\WINDOWS\System32\ole32.dll

dbghelp: loaded successfully - version: 4.0.5 - missing functions: none
symbol engine: initialized successfully - sym options: 0x614 - pdb path: .;C:\Users\Public\wpilib\2020\jdk\bin;C:\WINDOWS\SYSTEM32;C:\WINDOWS\WinSxS\amd64_microsoft.windows.common-controls_6595b64144ccf1df_6.0.18362.1198_none_9e820b57e45ad92f;C:\Users\Public\wpilib\2020\jdk\bin\server;C:\Users\Public\wpilib\2020\vscode\data\extensions\redhat.java-0.55.1\server\config_win\org.eclipse.equinox.launcher\org.eclipse.equinox.launcher.win32.win32.x86_64_1.1.1100.v20190907-0426;C:\Users\Public\wpilib\2020\vscode\data\extensions\redhat.java-0.55.1\server\config_win\org.eclipse.osgi\20\0\.cp

VM Arguments:
jvm_args: --add-modules=ALL-SYSTEM --add-opens=java.base/java.util=ALL-UNNAMED --add-opens=java.base/java.lang=ALL-UNNAMED -Declipse.application=org.eclipse.jdt.ls.core.id1 -Dosgi.bundles.defaultStartLevel=4 -Declipse.product=org.eclipse.jdt.ls.core.product -Dfile.encoding=utf8 -DwatchParentProcess=false -Xverify:none -Xmx1G -XX:+UseG1GC -XX:+UseStringDeduplication 
java_command: c:\Users\Public\wpilib\2020\vscode\data\extensions\redhat.java-0.55.1\server\plugins\org.eclipse.equinox.launcher_1.5.600.v20191014-2022.jar -configuration c:\Users\Public\wpilib\2020\vscode\data\extensions\redhat.java-0.55.1\server\config_win -data c:\Users\Public\wpilib\2020\vscode\data\user-data\User\workspaceStorage\cc410f444e541bfc95c505b5ec511c1e\redhat.java\jdt_ws
java_class_path (initial): c:\Users\Public\wpilib\2020\vscode\data\extensions\redhat.java-0.55.1\server\plugins\org.eclipse.equinox.launcher_1.5.600.v20191014-2022.jar
Launcher Type: SUN_STANDARD

[Global flags]
     bool BytecodeVerificationLocal                = false                                     {product} {command line}
     bool BytecodeVerificationRemote               = false                                     {product} {command line}
     intx CICompilerCount                          = 3                                         {product} {ergonomic}
     uint ConcGCThreads                            = 1                                         {product} {ergonomic}
     uint G1ConcRefinementThreads                  = 4                                         {product} {ergonomic}
   size_t G1HeapRegionSize                         = 1048576                                   {product} {ergonomic}
    uintx GCDrainStackTargetSize                   = 64                                        {product} {ergonomic}
   size_t InitialHeapSize                          = 132120576                                 {product} {ergonomic}
   size_t MarkStackSize                            = 4194304                                   {product} {ergonomic}
   size_t MaxHeapSize                              = 1073741824                                {product} {command line}
   size_t MaxNewSize                               = 643825664                                 {product} {ergonomic}
   size_t MinHeapDeltaBytes                        = 1048576                                   {product} {ergonomic}
    uintx NonNMethodCodeHeapSize                   = 5830092                                {pd product} {ergonomic}
    uintx NonProfiledCodeHeapSize                  = 122914074                              {pd product} {ergonomic}
    uintx ProfiledCodeHeapSize                     = 122914074                              {pd product} {ergonomic}
    uintx ReservedCodeCacheSize                    = 251658240                              {pd product} {ergonomic}
     bool SegmentedCodeCache                       = true                                      {product} {ergonomic}
     bool UseCompressedClassPointers               = true                                 {lp64_product} {ergonomic}
     bool UseCompressedOops                        = true                                 {lp64_product} {ergonomic}
     bool UseG1GC                                  = true                                      {product} {command line}
     bool UseLargePagesIndividualAllocation        = false                                  {pd product} {ergonomic}
     bool UseStringDeduplication                   = true                                      {product} {command line}

Logging:
Log output configuration:
 #0: stdout all=warning uptime,level,tags
 #1: stderr all=off uptime,level,tags

Environment Variables:
PATH=C:\Program Files\National Instruments\Shared\OpenVINO\;C:\Program Files (x86)\Common Files\Oracle\Java\javapath;C:\windows\system32;C:\windows;C:\windows\System32\Wbem;C:\windows\System32\WindowsPowerShell\v1.0\;C:\windows\System32\OpenSSH\;C:\Program Files\Intel\WiFi\bin\;C:\Program Files\Common Files\Intel\WirelessCommon\;C:\Users\Public\frc2019\roborio\bin;C:\Users\Public\frc2019\frccode;C:\Program Files (x86)\Intel\Intel(R) Management Engine Components\DAL;C:\Program Files\Intel\Intel(R) Management Engine Components\DAL;C:\Users\Public\wpilib\2020\roborio\bin;C:\Users\Public\wpilib\2020\frccode;C:\WINDOWS\system32;C:\WINDOWS;C:\WINDOWS\System32\Wbem;C:\WINDOWS\System32\WindowsPowerShell\v1.0\;C:\WINDOWS\System32\OpenSSH\;C:\Program Files\Git\cmd;C:\Users\robotics\AppData\Local\Microsoft\WindowsApps;C:\Users\Public\frc2019\roborio\bin;C:\Users\Public\frc2019\frccode;C:\Users\Public\wpilib\2020\roborio\bin;C:\Users\Public\wpilib\2020\frccode;%USERPROFILE%\AppData\Local\Microsoft\WindowsApps;
USERNAME=Robotics
OS=Windows_NT
PROCESSOR_IDENTIFIER=Intel64 Family 6 Model 142 Stepping 9, GenuineIntel



---------------  S Y S T E M  ---------------

OS: Windows 10 , 64 bit Build 18362 (10.0.18362.1110)

CPU:total 4 (initial active 4) (2 cores per cpu, 2 threads per core) family 6 model 142 stepping 9, cmov, cx8, fxsr, mmx, sse, sse2, sse3, ssse3, sse4.1, sse4.2, popcnt, avx, avx2, aes, clmul, erms, 3dnowpref, lzcnt, ht, tsc, tscinvbit, bmi1, bmi2, adx, fma

Memory: 4k page, system-wide physical 8035M (4449M free)
TotalPageFile size 9315M (AvailPageFile size 4522M)
current process WorkingSet (physical memory assigned to process): 281M, peak: 346M
current process commit charge ("private bytes"): 327M, peak: 392M

vm_info: OpenJDK 64-Bit Server VM (11.0.4+11) for windows-amd64 JRE (11.0.4+11), built on Jul 18 2019 06:43:34 by "" with MS VC++ 15.8 (VS2017)

END.
